<?xml version="1.0" encoding="UTF-8"?>
<testsuite xmlns:xsi="http://www.w3.org/2001/XMLSchema-instance" xsi:noNamespaceSchemaLocation="https://maven.apache.org/surefire/maven-surefire-plugin/xsd/surefire-test-report.xsd" version="3.0.2" name="com.caio.ollama_integration.OllamaIntegrationApplicationTests" time="4.217" tests="1" errors="0" skipped="0" failures="0">
  <properties>
[...]
</properties>
  <testcase name="contextLoads" classname="com.caio.ollama_integration.OllamaIntegrationApplicationTests" time="0.664">
    <system-out><![CDATA[19:31:12.715 [main] INFO org.springframework.test.context.support.AnnotationConfigContextLoaderUtils -- Could not detect default configuration classes for test class [com.caio.ollama_integration.OllamaIntegrationApplicationTests]: OllamaIntegrationApplicationTests does not declare any static, non-private, non-final, nested classes annotated with @Configuration.
19:31:12.813 [main] INFO org.springframework.boot.test.context.SpringBootTestContextBootstrapper -- Found @SpringBootConfiguration com.caio.ollama_integration.OllamaIntegrationApplication for test class com.caio.ollama_integration.OllamaIntegrationApplicationTests
19:31:12.970 [main] INFO org.springframework.boot.devtools.restart.RestartApplicationListener -- Restart disabled due to context in which it is running

  .   ____          _            __ _ _
 /\\ / ___'_ __ _ _(_)_ __  __ _ \ \ \ \
( ( )\___ | '_ | '_| | '_ \/ _` | \ \ \ \
 \\/  ___)| |_)| | | | | || (_| |  ) ) ) )
  '  |____| .__|_| |_|_| |_\__, | / / / /
 =========|_|==============|___/=/_/_/_/

 :: Spring Boot ::                (v3.4.0)

2025-11-21T19:31:13.243-03:00  INFO 22316 --- [ollama-integration] [           main] c.c.o.OllamaIntegrationApplicationTests  : Starting OllamaIntegrationApplicationTests using Java 21.0.7 with PID 22316 (started by bfjfh in C:\Users\bfjfh\vscode-workspace\ollama-integration)
2025-11-21T19:31:13.244-03:00 DEBUG 22316 --- [ollama-integration] [           main] c.c.o.OllamaIntegrationApplicationTests  : Running with Spring Boot v3.4.0, Spring v6.2.0
2025-11-21T19:31:13.244-03:00  INFO 22316 --- [ollama-integration] [           main] c.c.o.OllamaIntegrationApplicationTests  : No active profile set, falling back to 1 default profile: "default"
2025-11-21T19:31:15.171-03:00  WARN 22316 --- [ollama-integration] [           main] .s.s.UserDetailsServiceAutoConfiguration : 

Using generated security password: 8db8d6ca-0996-482b-b4d8-6a7f5e438a92

This generated password is for development use only. Your security configuration must be updated before running your application in production.

2025-11-21T19:31:15.182-03:00  INFO 22316 --- [ollama-integration] [           main] r$InitializeUserDetailsManagerConfigurer : Global AuthenticationManager configured with UserDetailsService bean with name inMemoryUserDetailsManager
2025-11-21T19:31:15.469-03:00  INFO 22316 --- [ollama-integration] [           main] o.s.b.a.e.web.EndpointLinksResolver      : Exposing 1 endpoint beneath base path '/actuator'
2025-11-21T19:31:15.519-03:00 DEBUG 22316 --- [ollama-integration] [           main] o.s.s.web.DefaultSecurityFilterChain     : Will secure any request with filters: DisableEncodeUrlFilter, WebAsyncManagerIntegrationFilter, SecurityContextHolderFilter, HeaderWriterFilter, LogoutFilter, JwtAuthenticationFilter, RequestCacheAwareFilter, SecurityContextHolderAwareRequestFilter, AnonymousAuthenticationFilter, SessionManagementFilter, ExceptionTranslationFilter, AuthorizationFilter
2025-11-21T19:31:16.011-03:00  INFO 22316 --- [ollama-integration] [           main] c.c.o.OllamaIntegrationApplicationTests  : Started OllamaIntegrationApplicationTests in 3.054 seconds (process running for 3.922)
]]></system-out>
    <system-err><![CDATA[Mockito is currently self-attaching to enable the inline-mock-maker. This will no longer work in future releases of the JDK. Please add Mockito as an agent to your build what is described in Mockito's documentation: https://javadoc.io/doc/org.mockito/mockito-core/latest/org/mockito/Mockito.html#0.3
WARNING: A Java agent has been loaded dynamically (C:\Users\bfjfh\.m2\repository\net\bytebuddy\byte-buddy-agent\1.15.10\byte-buddy-agent-1.15.10.jar)
WARNING: If a serviceability tool is in use, please run with -XX:+EnableDynamicAgentLoading to hide this warning
WARNING: If a serviceability tool is not in use, please run with -Djdk.instrument.traceUsage for more information
WARNING: Dynamic loading of agents will be disallowed by default in a future release
]]></system-err>
  </testcase>
</testsuite>